<?xml version="1.0" encoding="UTF-8"?>
<!-- Generated by org.testng.reporters.JUnitReportReporter -->
<testsuite hostname="wel-PC" failures="0" tests="2" name="neostoxTest.ValidateNeostoxUsernameBalanceWithListener" time="18.505" errors="0" timestamp="2022-12-02T17:12:08 IST" skipped="0">
  <testcase classname="neostoxTest.ValidateNeostoxUsernameBalanceWithListener" name="validateUserName" time="6.984"/>
  <system-out>
    <![CDATA[Taking screenshot
getting username
reading value ofuserNamefrom proprty file
Taking screenshot
getting username
Actual userName is Hi Shalmali Kadam
TC validateUserName is completed sucessfully ]]>
  </system-out>
  <testcase classname="neostoxTest.ValidateNeostoxUsernameBalanceWithListener" name="validateBalance" time="11.521"/>
  <system-out>
    <![CDATA[Waiting for1000milisec
getting actual balance
Waiting for1000milisec
getting actual balance
Account balance isRs.5,00,000.00
TC validateBalance is completed sucessfully ]]>
  </system-out>
</testsuite> <!-- neostoxTest.ValidateNeostoxUsernameBalanceWithListener -->
